<?xml version="1.0" encoding="UTF-8"?>
<!-- Generated by org.testng.reporters.JUnitXMLReporter -->
<testsuite ignored="0" hostname="Mahdi" failures="0" tests="4" name="Default test" time="7.27" errors="0" timestamp="2026-01-03T19:31:39 EET">
  <testcase classname="tests.LoginTest" name="testSuccessLogin" time="0.256"/>
  <testcase classname="tests.LoginTest" name="TestEmptyUsername" time="0.212"/>
  <testcase classname="tests.LoginTest" name="TestEmptyPassword" time="0.214"/>
  <testcase classname="tests.LoginTest" name="TestWrongPassword" time="0.212"/>
</testsuite> <!-- Default test -->
