<?xml version="1.0" encoding="UTF-8"?>
<!-- Generated by org.testng.reporters.JUnitXMLReporter -->
<testsuite ignored="0" hostname="Mahdi" failures="0" tests="4" name="Default test" time="18.039" errors="0" timestamp="2026-01-03T20:37:14 EET">
  <testcase classname="tests.ProductTest" name="testIsTitleDisplayed" time="0.031"/>
  <testcase classname="tests.ProductTest" name="testAddAllProductsToCart" time="0.258"/>
  <testcase classname="tests.ProductTest" name="testAddRandomProductToTheCart" time="0.092"/>
  <testcase classname="tests.ProductTest" name="testRemoveAllProductsFromCart" time="10.092"/>
</testsuite> <!-- Default test -->
