<?xml version="1.0" encoding="UTF-8"?>
<testng-results ignored="0" total="4" passed="4" failed="0" skipped="0">
  <reporter-output>
  </reporter-output>
  <suite started-at="2026-01-03T19:31:32 EET" name="Default suite" finished-at="2026-01-03T19:31:39 EET" duration-ms="7270">
    <groups>
    </groups>
    <test started-at="2026-01-03T19:31:32 EET" name="Default test" finished-at="2026-01-03T19:31:39 EET" duration-ms="7270">
      <class name="tests.LoginTest">
        <test-method is-config="true" signature="setUp()[pri:0, instance:tests.LoginTest@78691363]" started-at="2026-01-03T19:31:32 EET" name="setUp" finished-at="2026-01-03T19:31:34 EET" duration-ms="1717" status="PASS">
          <reporter-output>
          </reporter-output>
        </test-method> <!-- setUp -->
        <test-method signature="testSuccessLogin()[pri:1, instance:tests.LoginTest@78691363]" started-at="2026-01-03T19:31:34 EET" name="testSuccessLogin" finished-at="2026-01-03T19:31:34 EET" duration-ms="256" status="PASS">
          <reporter-output>
          </reporter-output>
        </test-method> <!-- testSuccessLogin -->
        <test-method is-config="true" signature="tearDown()[pri:0, instance:tests.LoginTest@78691363]" started-at="2026-01-03T19:31:34 EET" name="tearDown" finished-at="2026-01-03T19:31:34 EET" duration-ms="123" status="PASS">
          <reporter-output>
          </reporter-output>
        </test-method> <!-- tearDown -->
        <test-method is-config="true" signature="setUp()[pri:0, instance:tests.LoginTest@78691363]" started-at="2026-01-03T19:31:34 EET" name="setUp" finished-at="2026-01-03T19:31:36 EET" duration-ms="1387" status="PASS">
          <reporter-output>
          </reporter-output>
        </test-method> <!-- setUp -->
        <test-method signature="TestEmptyUsername()[pri:2, instance:tests.LoginTest@78691363]" started-at="2026-01-03T19:31:36 EET" name="TestEmptyUsername" finished-at="2026-01-03T19:31:36 EET" duration-ms="212" status="PASS">
          <reporter-output>
          </reporter-output>
        </test-method> <!-- TestEmptyUsername -->
        <test-method is-config="true" signature="tearDown()[pri:0, instance:tests.LoginTest@78691363]" started-at="2026-01-03T19:31:36 EET" name="tearDown" finished-at="2026-01-03T19:31:36 EET" duration-ms="111" status="PASS">
          <reporter-output>
          </reporter-output>
        </test-method> <!-- tearDown -->
        <test-method is-config="true" signature="setUp()[pri:0, instance:tests.LoginTest@78691363]" started-at="2026-01-03T19:31:36 EET" name="setUp" finished-at="2026-01-03T19:31:37 EET" duration-ms="1320" status="PASS">
          <reporter-output>
          </reporter-output>
        </test-method> <!-- setUp -->
        <test-method signature="TestEmptyPassword()[pri:3, instance:tests.LoginTest@78691363]" started-at="2026-01-03T19:31:37 EET" name="TestEmptyPassword" finished-at="2026-01-03T19:31:38 EET" duration-ms="214" status="PASS">
          <reporter-output>
          </reporter-output>
        </test-method> <!-- TestEmptyPassword -->
        <test-method is-config="true" signature="tearDown()[pri:0, instance:tests.LoginTest@78691363]" started-at="2026-01-03T19:31:38 EET" name="tearDown" finished-at="2026-01-03T19:31:38 EET" duration-ms="111" status="PASS">
          <reporter-output>
          </reporter-output>
        </test-method> <!-- tearDown -->
        <test-method is-config="true" signature="setUp()[pri:0, instance:tests.LoginTest@78691363]" started-at="2026-01-03T19:31:38 EET" name="setUp" finished-at="2026-01-03T19:31:39 EET" duration-ms="1467" status="PASS">
          <reporter-output>
          </reporter-output>
        </test-method> <!-- setUp -->
        <test-method signature="TestWrongPassword()[pri:4, instance:tests.LoginTest@78691363]" started-at="2026-01-03T19:31:39 EET" name="TestWrongPassword" finished-at="2026-01-03T19:31:39 EET" duration-ms="212" status="PASS">
          <reporter-output>
          </reporter-output>
        </test-method> <!-- TestWrongPassword -->
        <test-method is-config="true" signature="tearDown()[pri:0, instance:tests.LoginTest@78691363]" started-at="2026-01-03T19:31:39 EET" name="tearDown" finished-at="2026-01-03T19:31:39 EET" duration-ms="107" status="PASS">
          <reporter-output>
          </reporter-output>
        </test-method> <!-- tearDown -->
      </class> <!-- tests.LoginTest -->
    </test> <!-- Default test -->
  </suite> <!-- Default suite -->
</testng-results>
