<?xml version="1.0" encoding="UTF-8"?>
<testng-results ignored="0" total="4" passed="4" failed="0" skipped="0">
  <reporter-output>
  </reporter-output>
  <suite started-at="2026-01-03T20:36:56 EET" name="Default suite" finished-at="2026-01-03T20:37:14 EET" duration-ms="18039">
    <groups>
    </groups>
    <test started-at="2026-01-03T20:36:56 EET" name="Default test" finished-at="2026-01-03T20:37:14 EET" duration-ms="18039">
      <class name="tests.ProductTest">
        <test-method is-config="true" signature="setUp()[pri:0, instance:tests.ProductTest@41d477ed]" started-at="2026-01-03T20:36:56 EET" name="setUp" finished-at="2026-01-03T20:36:58 EET" duration-ms="2141" status="PASS">
          <reporter-output>
          </reporter-output>
        </test-method> <!-- setUp -->
        <test-method is-config="true" signature="setUpProductPage()[pri:0, instance:tests.ProductTest@41d477ed]" started-at="2026-01-03T20:36:58 EET" name="setUpProductPage" finished-at="2026-01-03T20:36:58 EET" duration-ms="246" status="PASS">
          <reporter-output>
          </reporter-output>
        </test-method> <!-- setUpProductPage -->
        <test-method signature="testIsTitleDisplayed()[pri:1, instance:tests.ProductTest@41d477ed]" started-at="2026-01-03T20:36:58 EET" name="testIsTitleDisplayed" finished-at="2026-01-03T20:36:58 EET" duration-ms="31" status="PASS">
          <reporter-output>
          </reporter-output>
        </test-method> <!-- testIsTitleDisplayed -->
        <test-method is-config="true" signature="tearDown()[pri:0, instance:tests.ProductTest@41d477ed]" started-at="2026-01-03T20:36:58 EET" name="tearDown" finished-at="2026-01-03T20:36:58 EET" duration-ms="126" status="PASS">
          <reporter-output>
          </reporter-output>
        </test-method> <!-- tearDown -->
        <test-method is-config="true" signature="setUp()[pri:0, instance:tests.ProductTest@41d477ed]" started-at="2026-01-03T20:36:58 EET" name="setUp" finished-at="2026-01-03T20:37:00 EET" duration-ms="1389" status="PASS">
          <reporter-output>
          </reporter-output>
        </test-method> <!-- setUp -->
        <test-method is-config="true" signature="setUpProductPage()[pri:0, instance:tests.ProductTest@41d477ed]" started-at="2026-01-03T20:37:00 EET" name="setUpProductPage" finished-at="2026-01-03T20:37:00 EET" duration-ms="213" status="PASS">
          <reporter-output>
          </reporter-output>
        </test-method> <!-- setUpProductPage -->
        <test-method signature="testAddAllProductsToCart()[pri:2, instance:tests.ProductTest@41d477ed]" started-at="2026-01-03T20:37:00 EET" name="testAddAllProductsToCart" finished-at="2026-01-03T20:37:00 EET" duration-ms="258" status="PASS">
          <reporter-output>
          </reporter-output>
        </test-method> <!-- testAddAllProductsToCart -->
        <test-method is-config="true" signature="tearDown()[pri:0, instance:tests.ProductTest@41d477ed]" started-at="2026-01-03T20:37:00 EET" name="tearDown" finished-at="2026-01-03T20:37:00 EET" duration-ms="125" status="PASS">
          <reporter-output>
          </reporter-output>
        </test-method> <!-- tearDown -->
        <test-method is-config="true" signature="setUp()[pri:0, instance:tests.ProductTest@41d477ed]" started-at="2026-01-03T20:37:00 EET" name="setUp" finished-at="2026-01-03T20:37:02 EET" duration-ms="1344" status="PASS">
          <reporter-output>
          </reporter-output>
        </test-method> <!-- setUp -->
        <test-method is-config="true" signature="setUpProductPage()[pri:0, instance:tests.ProductTest@41d477ed]" started-at="2026-01-03T20:37:02 EET" name="setUpProductPage" finished-at="2026-01-03T20:37:02 EET" duration-ms="213" status="PASS">
          <reporter-output>
          </reporter-output>
        </test-method> <!-- setUpProductPage -->
        <test-method signature="testAddRandomProductToTheCart()[pri:3, instance:tests.ProductTest@41d477ed]" started-at="2026-01-03T20:37:02 EET" name="testAddRandomProductToTheCart" finished-at="2026-01-03T20:37:02 EET" duration-ms="92" status="PASS">
          <reporter-output>
          </reporter-output>
        </test-method> <!-- testAddRandomProductToTheCart -->
        <test-method is-config="true" signature="tearDown()[pri:0, instance:tests.ProductTest@41d477ed]" started-at="2026-01-03T20:37:02 EET" name="tearDown" finished-at="2026-01-03T20:37:02 EET" duration-ms="91" status="PASS">
          <reporter-output>
          </reporter-output>
        </test-method> <!-- tearDown -->
        <test-method is-config="true" signature="setUp()[pri:0, instance:tests.ProductTest@41d477ed]" started-at="2026-01-03T20:37:02 EET" name="setUp" finished-at="2026-01-03T20:37:03 EET" duration-ms="1326" status="PASS">
          <reporter-output>
          </reporter-output>
        </test-method> <!-- setUp -->
        <test-method is-config="true" signature="setUpProductPage()[pri:0, instance:tests.ProductTest@41d477ed]" started-at="2026-01-03T20:37:03 EET" name="setUpProductPage" finished-at="2026-01-03T20:37:04 EET" duration-ms="218" status="PASS">
          <reporter-output>
          </reporter-output>
        </test-method> <!-- setUpProductPage -->
        <test-method signature="testRemoveAllProductsFromCart()[pri:4, instance:tests.ProductTest@41d477ed]" started-at="2026-01-03T20:37:04 EET" name="testRemoveAllProductsFromCart" finished-at="2026-01-03T20:37:14 EET" duration-ms="10092" status="PASS">
          <reporter-output>
          </reporter-output>
        </test-method> <!-- testRemoveAllProductsFromCart -->
        <test-method is-config="true" signature="tearDown()[pri:0, instance:tests.ProductTest@41d477ed]" started-at="2026-01-03T20:37:14 EET" name="tearDown" finished-at="2026-01-03T20:37:14 EET" duration-ms="101" status="PASS">
          <reporter-output>
          </reporter-output>
        </test-method> <!-- tearDown -->
      </class> <!-- tests.ProductTest -->
    </test> <!-- Default test -->
  </suite> <!-- Default suite -->
</testng-results>
