<?xml version="1.0" encoding="UTF-8"?>
<testng-results ignored="0" total="5" passed="5" failed="0" skipped="0">
  <reporter-output>
  </reporter-output>
  <suite started-at="2026-01-04T20:48:51 EET" name="Default suite" finished-at="2026-01-04T20:49:05 EET" duration-ms="14044">
    <groups>
    </groups>
    <test started-at="2026-01-04T20:48:51 EET" name="Default test" finished-at="2026-01-04T20:49:05 EET" duration-ms="14044">
      <class name="tests.CartTest">
        <test-method is-config="true" signature="setUp()[pri:0, instance:tests.CartTest@3590fc5b]" started-at="2026-01-04T20:48:51 EET" name="setUp" finished-at="2026-01-04T20:48:53 EET" duration-ms="1819" status="PASS">
          <reporter-output>
          </reporter-output>
        </test-method> <!-- setUp -->
        <test-method is-config="true" signature="setUpCartPage()[pri:0, instance:tests.CartTest@3590fc5b]" started-at="2026-01-04T20:48:53 EET" name="setUpCartPage" finished-at="2026-01-04T20:48:53 EET" duration-ms="279" status="PASS">
          <reporter-output>
          </reporter-output>
        </test-method> <!-- setUpCartPage -->
        <test-method signature="testIsCartPageTitleDisplayed()[pri:1, instance:tests.CartTest@3590fc5b]" started-at="2026-01-04T20:48:53 EET" name="testIsCartPageTitleDisplayed" finished-at="2026-01-04T20:48:54 EET" duration-ms="32" status="PASS">
          <reporter-output>
          </reporter-output>
        </test-method> <!-- testIsCartPageTitleDisplayed -->
        <test-method is-config="true" signature="tearDown()[pri:0, instance:tests.CartTest@3590fc5b]" started-at="2026-01-04T20:48:54 EET" name="tearDown" finished-at="2026-01-04T20:48:54 EET" duration-ms="113" status="PASS">
          <reporter-output>
          </reporter-output>
        </test-method> <!-- tearDown -->
        <test-method is-config="true" signature="setUp()[pri:0, instance:tests.CartTest@3590fc5b]" started-at="2026-01-04T20:48:54 EET" name="setUp" finished-at="2026-01-04T20:48:55 EET" duration-ms="1356" status="PASS">
          <reporter-output>
          </reporter-output>
        </test-method> <!-- setUp -->
        <test-method is-config="true" signature="setUpCartPage()[pri:0, instance:tests.CartTest@3590fc5b]" started-at="2026-01-04T20:48:55 EET" name="setUpCartPage" finished-at="2026-01-04T20:48:55 EET" duration-ms="304" status="PASS">
          <reporter-output>
          </reporter-output>
        </test-method> <!-- setUpCartPage -->
        <test-method signature="testEmptyCartHasNoProducts()[pri:2, instance:tests.CartTest@3590fc5b]" started-at="2026-01-04T20:48:55 EET" name="testEmptyCartHasNoProducts" finished-at="2026-01-04T20:48:57 EET" duration-ms="2040" status="PASS">
          <reporter-output>
          </reporter-output>
        </test-method> <!-- testEmptyCartHasNoProducts -->
        <test-method is-config="true" signature="tearDown()[pri:0, instance:tests.CartTest@3590fc5b]" started-at="2026-01-04T20:48:57 EET" name="tearDown" finished-at="2026-01-04T20:48:57 EET" duration-ms="152" status="PASS">
          <reporter-output>
          </reporter-output>
        </test-method> <!-- tearDown -->
        <test-method is-config="true" signature="setUp()[pri:0, instance:tests.CartTest@3590fc5b]" started-at="2026-01-04T20:48:57 EET" name="setUp" finished-at="2026-01-04T20:48:59 EET" duration-ms="1341" status="PASS">
          <reporter-output>
          </reporter-output>
        </test-method> <!-- setUp -->
        <test-method is-config="true" signature="setUpCartPage()[pri:0, instance:tests.CartTest@3590fc5b]" started-at="2026-01-04T20:48:59 EET" name="setUpCartPage" finished-at="2026-01-04T20:48:59 EET" duration-ms="302" status="PASS">
          <reporter-output>
          </reporter-output>
        </test-method> <!-- setUpCartPage -->
        <test-method signature="testProductsNumberInBadgeMatchesList()[pri:3, instance:tests.CartTest@3590fc5b]" started-at="2026-01-04T20:48:59 EET" name="testProductsNumberInBadgeMatchesList" finished-at="2026-01-04T20:48:59 EET" duration-ms="181" status="PASS">
          <reporter-output>
          </reporter-output>
        </test-method> <!-- testProductsNumberInBadgeMatchesList -->
        <test-method is-config="true" signature="tearDown()[pri:0, instance:tests.CartTest@3590fc5b]" started-at="2026-01-04T20:48:59 EET" name="tearDown" finished-at="2026-01-04T20:48:59 EET" duration-ms="104" status="PASS">
          <reporter-output>
          </reporter-output>
        </test-method> <!-- tearDown -->
        <test-method is-config="true" signature="setUp()[pri:0, instance:tests.CartTest@3590fc5b]" started-at="2026-01-04T20:48:59 EET" name="setUp" finished-at="2026-01-04T20:49:01 EET" duration-ms="1343" status="PASS">
          <reporter-output>
          </reporter-output>
        </test-method> <!-- setUp -->
        <test-method is-config="true" signature="setUpCartPage()[pri:0, instance:tests.CartTest@3590fc5b]" started-at="2026-01-04T20:49:01 EET" name="setUpCartPage" finished-at="2026-01-04T20:49:01 EET" duration-ms="315" status="PASS">
          <reporter-output>
          </reporter-output>
        </test-method> <!-- setUpCartPage -->
        <test-method signature="testBackToShoppingButton()[pri:4, instance:tests.CartTest@3590fc5b]" started-at="2026-01-04T20:49:01 EET" name="testBackToShoppingButton" finished-at="2026-01-04T20:49:01 EET" duration-ms="81" status="PASS">
          <reporter-output>
          </reporter-output>
        </test-method> <!-- testBackToShoppingButton -->
        <test-method is-config="true" signature="tearDown()[pri:0, instance:tests.CartTest@3590fc5b]" started-at="2026-01-04T20:49:01 EET" name="tearDown" finished-at="2026-01-04T20:49:01 EET" duration-ms="119" status="PASS">
          <reporter-output>
          </reporter-output>
        </test-method> <!-- tearDown -->
        <test-method is-config="true" signature="setUp()[pri:0, instance:tests.CartTest@3590fc5b]" started-at="2026-01-04T20:49:01 EET" name="setUp" finished-at="2026-01-04T20:49:03 EET" duration-ms="1350" status="PASS">
          <reporter-output>
          </reporter-output>
        </test-method> <!-- setUp -->
        <test-method is-config="true" signature="setUpCartPage()[pri:0, instance:tests.CartTest@3590fc5b]" started-at="2026-01-04T20:49:03 EET" name="setUpCartPage" finished-at="2026-01-04T20:49:03 EET" duration-ms="339" status="PASS">
          <reporter-output>
          </reporter-output>
        </test-method> <!-- setUpCartPage -->
        <test-method signature="testRemoveProductFromCart()[pri:5, instance:tests.CartTest@3590fc5b]" started-at="2026-01-04T20:49:03 EET" name="testRemoveProductFromCart" finished-at="2026-01-04T20:49:05 EET" duration-ms="2248" status="PASS">
          <reporter-output>
          </reporter-output>
        </test-method> <!-- testRemoveProductFromCart -->
        <test-method is-config="true" signature="tearDown()[pri:0, instance:tests.CartTest@3590fc5b]" started-at="2026-01-04T20:49:05 EET" name="tearDown" finished-at="2026-01-04T20:49:05 EET" duration-ms="185" status="PASS">
          <reporter-output>
          </reporter-output>
        </test-method> <!-- tearDown -->
      </class> <!-- tests.CartTest -->
    </test> <!-- Default test -->
  </suite> <!-- Default suite -->
</testng-results>
