<?xml version="1.0" encoding="UTF-8"?>
<!-- Generated by org.testng.reporters.JUnitXMLReporter -->
<testsuite ignored="0" hostname="Mahdi" failures="0" tests="4" name="Default test" time="2.797" errors="0" timestamp="2025-12-22T19:46:29 EET">
  <testcase classname="Test.LoginTest" name="testSuccessfulLogin" time="0.267"/>
  <testcase classname="Test.LoginTest" name="testLoginWithWrongPassword" time="0.188"/>
  <testcase classname="Test.LoginTest" name="testLoginWithEmptyUsername" time="0.145"/>
  <testcase classname="Test.LoginTest" name="testLoginWithEmptyPassword" time="0.17"/>
</testsuite> <!-- Default test -->
