<?xml version="1.0" encoding="UTF-8"?>
<!-- Generated by org.testng.reporters.JUnitReportReporter -->
<testsuite hostname="Mahdi" failures="0" tests="4" name="tests.LoginTest" time="7.237" errors="0" timestamp="2026-01-03T19:31:39 EET" skipped="0">
  <testcase classname="tests.LoginTest" name="testSuccessLogin" time="1.754"/>
  <testcase classname="tests.LoginTest" name="TestEmptyUsername" time="2.052"/>
  <testcase classname="tests.LoginTest" name="TestEmptyPassword" time="1.788"/>
  <testcase classname="tests.LoginTest" name="TestWrongPassword" time="1.643"/>
</testsuite> <!-- tests.LoginTest -->
