<?xml version="1.0" encoding="UTF-8"?>
<!-- Generated by org.testng.reporters.JUnitReportReporter -->
<testsuite hostname="Mahdi" failures="0" tests="5" name="tests.CartTest" time="14.003" errors="0" timestamp="2026-01-04T20:49:05 EET" skipped="0">
  <testcase classname="tests.CartTest" name="testIsCartPageTitleDisplayed" time="1.834"/>
  <testcase classname="tests.CartTest" name="testEmptyCartHasNoProducts" time="4.323"/>
  <testcase classname="tests.CartTest" name="testProductsNumberInBadgeMatchesList" time="1.947"/>
  <testcase classname="tests.CartTest" name="testBackToShoppingButton" time="1.891"/>
  <testcase classname="tests.CartTest" name="testRemoveProductFromCart" time="4.008"/>
</testsuite> <!-- tests.CartTest -->
