<?xml version="1.0" encoding="UTF-8"?>
<!-- Generated by org.testng.reporters.JUnitReportReporter -->
<testsuite hostname="Mahdi" failures="0" tests="4" name="tests.ProductTest" time="18.006" errors="0" timestamp="2026-01-03T20:37:14 EET" skipped="0">
  <testcase classname="tests.ProductTest" name="testIsTitleDisplayed" time="2.476"/>
  <testcase classname="tests.ProductTest" name="testAddAllProductsToCart" time="2.018"/>
  <testcase classname="tests.ProductTest" name="testAddRandomProductToTheCart" time="1.755"/>
  <testcase classname="tests.ProductTest" name="testRemoveAllProductsFromCart" time="11.757"/>
</testsuite> <!-- tests.ProductTest -->
