<?xml version="1.0" encoding="UTF-8"?>
<!-- Generated by org.testng.reporters.JUnitReportReporter -->
<testsuite hostname="Mahdi" failures="0" tests="9" name="tests.ProductTest" time="22.653" errors="0" timestamp="2026-01-04T18:03:24 EET" skipped="0">
  <testcase classname="tests.ProductTest" name="testIsTitleDisplayed" time="1.706"/>
  <testcase classname="tests.ProductTest" name="testAddAllProductsToCart" time="1.962"/>
  <testcase classname="tests.ProductTest" name="testAddRandomProductToCart" time="1.801"/>
  <testcase classname="tests.ProductTest" name="testRemoveAllProductsFromCart" time="7.137"/>
  <testcase classname="tests.ProductTest" name="testSortPageByNameAZ" time="1.798"/>
  <testcase classname="tests.ProductTest" name="testSortPageByNameZA" time="3.054"/>
  <testcase classname="tests.ProductTest" name="testSortPageByPriceLowToHigh" time="1.820"/>
  <testcase classname="tests.ProductTest" name="testProductsCount" time="1.656"/>
  <testcase classname="tests.ProductTest" name="testCartPageIsDisplayed" time="1.719"/>
</testsuite> <!-- tests.ProductTest -->
