<?xml version="1.0" encoding="UTF-8"?>
<!-- Generated by org.testng.reporters.JUnitXMLReporter -->
<testsuite ignored="0" hostname="Mahdi" failures="0" tests="13" name="Default test" time="56.967" errors="0" timestamp="2026-01-13T06:24:21 EET">
  <testcase classname="practicesoftware.PracticeSoftwareTests" name="homepageAccessibilityTest" time="0.023"/>
  <testcase classname="practicesoftware.PracticeSoftwareTests" name="userRegistrationTest" time="5.104"/>
  <testcase classname="practicesoftware.PracticeSoftwareTests" name="userLoginTest" time="3.256"/>
  <testcase classname="practicesoftware.PracticeSoftwareTests" name="productSearchTest" time="5.578"/>
  <testcase classname="practicesoftware.PracticeSoftwareTests" name="filteringSearchResultsTest" time="5.284"/>
  <testcase classname="practicesoftware.PracticeSoftwareTests" name="viewingProductDetailsTest" time="5.274"/>
  <testcase classname="practicesoftware.PracticeSoftwareTests" name="addingProductToCartTest" time="2.086"/>
  <testcase classname="practicesoftware.PracticeSoftwareTests" name="viewingCheckout" time="5.176"/>
  <testcase classname="practicesoftware.PracticeSoftwareTests" name="removingItemFromCartTest" time="2.083"/>
  <testcase classname="practicesoftware.PracticeSoftwareTests" name="proceedToCheckoutTest" time="9.13"/>
  <testcase classname="practicesoftware.PracticeSoftwareTests" name="completePurchaseSubmissionTest" time="3.187"/>
  <testcase classname="practicesoftware.PracticeSoftwareTests" name="viewingAccountInformationTest" time="6.263"/>
  <testcase classname="practicesoftware.PracticeSoftwareTests" name="loggingOutTest" time="2.413"/>
</testsuite> <!-- Default test -->
