<?xml version="1.0" encoding="UTF-8"?>
<!-- Generated by org.testng.reporters.JUnitXMLReporter -->
<testsuite ignored="0" hostname="Mahdi" failures="0" tests="13" name="Default test" time="35.326" errors="0" timestamp="2026-01-13T23:02:25 EET">
  <testcase classname="practicesoftware.PracticeSoftwareTests" name="homepageAccessibilityTest" time="0.021"/>
  <testcase classname="practicesoftware.PracticeSoftwareTests" name="userRegistrationTest" time="4.98"/>
  <testcase classname="practicesoftware.PracticeSoftwareTests" name="userLoginTest" time="2.231"/>
  <testcase classname="practicesoftware.PracticeSoftwareTests" name="productSearchTest" time="2.079"/>
  <testcase classname="practicesoftware.PracticeSoftwareTests" name="filteringSearchResultsTest" time="1.808"/>
  <testcase classname="practicesoftware.PracticeSoftwareTests" name="viewingProductDetailsTest" time="1.805"/>
  <testcase classname="practicesoftware.PracticeSoftwareTests" name="addingProductToCartTest" time="2.068"/>
  <testcase classname="practicesoftware.PracticeSoftwareTests" name="viewingCheckout" time="2.657"/>
  <testcase classname="practicesoftware.PracticeSoftwareTests" name="removingItemFromCartTest" time="2.073"/>
  <testcase classname="practicesoftware.PracticeSoftwareTests" name="proceedToCheckoutTest" time="7.094"/>
  <testcase classname="practicesoftware.PracticeSoftwareTests" name="completePurchaseSubmissionTest" time="1.745"/>
  <testcase classname="practicesoftware.PracticeSoftwareTests" name="viewingAccountInformationTest" time="2.773"/>
  <testcase classname="practicesoftware.PracticeSoftwareTests" name="loggingOutTest" time="1.419"/>
</testsuite> <!-- Default test -->
