<?xml version="1.0" encoding="UTF-8"?>
<testng-results ignored="0" total="13" passed="13" failed="0" skipped="0">
  <reporter-output>
  </reporter-output>
  <suite started-at="2026-01-13T23:01:49 EET" name="Default suite" finished-at="2026-01-13T23:02:25 EET" duration-ms="35326">
    <groups>
    </groups>
    <test started-at="2026-01-13T23:01:49 EET" name="Default test" finished-at="2026-01-13T23:02:25 EET" duration-ms="35326">
      <class name="practicesoftware.PracticeSoftwareTests">
        <test-method is-config="true" signature="setUp()[pri:0, instance:practicesoftware.PracticeSoftwareTests@233795b6]" started-at="2026-01-13T23:01:49 EET" name="setUp" finished-at="2026-01-13T23:01:52 EET" duration-ms="2373" status="PASS">
          <reporter-output>
          </reporter-output>
        </test-method> <!-- setUp -->
        <test-method signature="homepageAccessibilityTest()[pri:1, instance:practicesoftware.PracticeSoftwareTests@233795b6]" started-at="2026-01-13T23:01:52 EET" name="homepageAccessibilityTest" finished-at="2026-01-13T23:01:52 EET" duration-ms="21" status="PASS">
          <reporter-output>
          </reporter-output>
        </test-method> <!-- homepageAccessibilityTest -->
        <test-method is-config="true" signature="takeScreenshotWhenFail(org.testng.ITestResult)[pri:0, instance:practicesoftware.PracticeSoftwareTests@233795b6]" started-at="2026-01-13T23:01:52 EET" name="takeScreenshotWhenFail" finished-at="2026-01-13T23:01:52 EET" duration-ms="5" status="PASS">
          <params>
            <param index="0">
              <value>
                <![CDATA[[TestResult name=homepageAccessibilityTest status=SUCCESS method=PracticeSoftwareTests.homepageAccessibilityTest()[pri:1, instance:practicesoftware.PracticeSoftwareTests@233795b6] output={null}]]]>
              </value>
            </param>
          </params>
          <reporter-output>
          </reporter-output>
        </test-method> <!-- takeScreenshotWhenFail -->
        <test-method signature="userRegistrationTest()[pri:2, instance:practicesoftware.PracticeSoftwareTests@233795b6]" started-at="2026-01-13T23:01:52 EET" name="userRegistrationTest" finished-at="2026-01-13T23:01:57 EET" duration-ms="4980" status="PASS">
          <reporter-output>
          </reporter-output>
        </test-method> <!-- userRegistrationTest -->
        <test-method is-config="true" signature="takeScreenshotWhenFail(org.testng.ITestResult)[pri:0, instance:practicesoftware.PracticeSoftwareTests@233795b6]" started-at="2026-01-13T23:01:57 EET" name="takeScreenshotWhenFail" finished-at="2026-01-13T23:01:57 EET" duration-ms="1" status="PASS">
          <params>
            <param index="0">
              <value>
                <![CDATA[[TestResult name=userRegistrationTest status=SUCCESS method=PracticeSoftwareTests.userRegistrationTest()[pri:2, instance:practicesoftware.PracticeSoftwareTests@233795b6] output={null}]]]>
              </value>
            </param>
          </params>
          <reporter-output>
          </reporter-output>
        </test-method> <!-- takeScreenshotWhenFail -->
        <test-method signature="userLoginTest()[pri:3, instance:practicesoftware.PracticeSoftwareTests@233795b6]" started-at="2026-01-13T23:01:57 EET" name="userLoginTest" finished-at="2026-01-13T23:01:59 EET" duration-ms="2231" status="PASS">
          <reporter-output>
          </reporter-output>
        </test-method> <!-- userLoginTest -->
        <test-method is-config="true" signature="takeScreenshotWhenFail(org.testng.ITestResult)[pri:0, instance:practicesoftware.PracticeSoftwareTests@233795b6]" started-at="2026-01-13T23:01:59 EET" name="takeScreenshotWhenFail" finished-at="2026-01-13T23:01:59 EET" duration-ms="0" status="PASS">
          <params>
            <param index="0">
              <value>
                <![CDATA[[TestResult name=userLoginTest status=SUCCESS method=PracticeSoftwareTests.userLoginTest()[pri:3, instance:practicesoftware.PracticeSoftwareTests@233795b6] output={null}]]]>
              </value>
            </param>
          </params>
          <reporter-output>
          </reporter-output>
        </test-method> <!-- takeScreenshotWhenFail -->
        <test-method signature="productSearchTest()[pri:4, instance:practicesoftware.PracticeSoftwareTests@233795b6]" started-at="2026-01-13T23:01:59 EET" name="productSearchTest" finished-at="2026-01-13T23:02:01 EET" duration-ms="2079" status="PASS">
          <reporter-output>
          </reporter-output>
        </test-method> <!-- productSearchTest -->
        <test-method is-config="true" signature="takeScreenshotWhenFail(org.testng.ITestResult)[pri:0, instance:practicesoftware.PracticeSoftwareTests@233795b6]" started-at="2026-01-13T23:02:01 EET" name="takeScreenshotWhenFail" finished-at="2026-01-13T23:02:01 EET" duration-ms="0" status="PASS">
          <params>
            <param index="0">
              <value>
                <![CDATA[[TestResult name=productSearchTest status=SUCCESS method=PracticeSoftwareTests.productSearchTest()[pri:4, instance:practicesoftware.PracticeSoftwareTests@233795b6] output={null}]]]>
              </value>
            </param>
          </params>
          <reporter-output>
          </reporter-output>
        </test-method> <!-- takeScreenshotWhenFail -->
        <test-method signature="filteringSearchResultsTest()[pri:5, instance:practicesoftware.PracticeSoftwareTests@233795b6]" started-at="2026-01-13T23:02:01 EET" name="filteringSearchResultsTest" finished-at="2026-01-13T23:02:03 EET" duration-ms="1808" status="PASS">
          <reporter-output>
          </reporter-output>
        </test-method> <!-- filteringSearchResultsTest -->
        <test-method is-config="true" signature="takeScreenshotWhenFail(org.testng.ITestResult)[pri:0, instance:practicesoftware.PracticeSoftwareTests@233795b6]" started-at="2026-01-13T23:02:03 EET" name="takeScreenshotWhenFail" finished-at="2026-01-13T23:02:03 EET" duration-ms="1" status="PASS">
          <params>
            <param index="0">
              <value>
                <![CDATA[[TestResult name=filteringSearchResultsTest status=SUCCESS method=PracticeSoftwareTests.filteringSearchResultsTest()[pri:5, instance:practicesoftware.PracticeSoftwareTests@233795b6] output={null}]]]>
              </value>
            </param>
          </params>
          <reporter-output>
          </reporter-output>
        </test-method> <!-- takeScreenshotWhenFail -->
        <test-method signature="viewingProductDetailsTest()[pri:6, instance:practicesoftware.PracticeSoftwareTests@233795b6]" started-at="2026-01-13T23:02:03 EET" name="viewingProductDetailsTest" finished-at="2026-01-13T23:02:05 EET" duration-ms="1805" status="PASS">
          <reporter-output>
          </reporter-output>
        </test-method> <!-- viewingProductDetailsTest -->
        <test-method is-config="true" signature="takeScreenshotWhenFail(org.testng.ITestResult)[pri:0, instance:practicesoftware.PracticeSoftwareTests@233795b6]" started-at="2026-01-13T23:02:05 EET" name="takeScreenshotWhenFail" finished-at="2026-01-13T23:02:05 EET" duration-ms="1" status="PASS">
          <params>
            <param index="0">
              <value>
                <![CDATA[[TestResult name=viewingProductDetailsTest status=SUCCESS method=PracticeSoftwareTests.viewingProductDetailsTest()[pri:6, instance:practicesoftware.PracticeSoftwareTests@233795b6] output={null}]]]>
              </value>
            </param>
          </params>
          <reporter-output>
          </reporter-output>
        </test-method> <!-- takeScreenshotWhenFail -->
        <test-method signature="addingProductToCartTest()[pri:7, instance:practicesoftware.PracticeSoftwareTests@233795b6]" started-at="2026-01-13T23:02:05 EET" name="addingProductToCartTest" finished-at="2026-01-13T23:02:07 EET" duration-ms="2068" status="PASS">
          <reporter-output>
          </reporter-output>
        </test-method> <!-- addingProductToCartTest -->
        <test-method is-config="true" signature="takeScreenshotWhenFail(org.testng.ITestResult)[pri:0, instance:practicesoftware.PracticeSoftwareTests@233795b6]" started-at="2026-01-13T23:02:07 EET" name="takeScreenshotWhenFail" finished-at="2026-01-13T23:02:07 EET" duration-ms="1" status="PASS">
          <params>
            <param index="0">
              <value>
                <![CDATA[[TestResult name=addingProductToCartTest status=SUCCESS method=PracticeSoftwareTests.addingProductToCartTest()[pri:7, instance:practicesoftware.PracticeSoftwareTests@233795b6] output={null}]]]>
              </value>
            </param>
          </params>
          <reporter-output>
          </reporter-output>
        </test-method> <!-- takeScreenshotWhenFail -->
        <test-method signature="viewingCheckout()[pri:8, instance:practicesoftware.PracticeSoftwareTests@233795b6]" started-at="2026-01-13T23:02:07 EET" name="viewingCheckout" finished-at="2026-01-13T23:02:10 EET" duration-ms="2657" status="PASS">
          <reporter-output>
          </reporter-output>
        </test-method> <!-- viewingCheckout -->
        <test-method is-config="true" signature="takeScreenshotWhenFail(org.testng.ITestResult)[pri:0, instance:practicesoftware.PracticeSoftwareTests@233795b6]" started-at="2026-01-13T23:02:10 EET" name="takeScreenshotWhenFail" finished-at="2026-01-13T23:02:10 EET" duration-ms="1" status="PASS">
          <params>
            <param index="0">
              <value>
                <![CDATA[[TestResult name=viewingCheckout status=SUCCESS method=PracticeSoftwareTests.viewingCheckout()[pri:8, instance:practicesoftware.PracticeSoftwareTests@233795b6] output={null}]]]>
              </value>
            </param>
          </params>
          <reporter-output>
          </reporter-output>
        </test-method> <!-- takeScreenshotWhenFail -->
        <test-method signature="removingItemFromCartTest()[pri:9, instance:practicesoftware.PracticeSoftwareTests@233795b6]" started-at="2026-01-13T23:02:10 EET" name="removingItemFromCartTest" finished-at="2026-01-13T23:02:12 EET" duration-ms="2073" status="PASS">
          <reporter-output>
          </reporter-output>
        </test-method> <!-- removingItemFromCartTest -->
        <test-method is-config="true" signature="takeScreenshotWhenFail(org.testng.ITestResult)[pri:0, instance:practicesoftware.PracticeSoftwareTests@233795b6]" started-at="2026-01-13T23:02:12 EET" name="takeScreenshotWhenFail" finished-at="2026-01-13T23:02:12 EET" duration-ms="0" status="PASS">
          <params>
            <param index="0">
              <value>
                <![CDATA[[TestResult name=removingItemFromCartTest status=SUCCESS method=PracticeSoftwareTests.removingItemFromCartTest()[pri:9, instance:practicesoftware.PracticeSoftwareTests@233795b6] output={null}]]]>
              </value>
            </param>
          </params>
          <reporter-output>
          </reporter-output>
        </test-method> <!-- takeScreenshotWhenFail -->
        <test-method signature="proceedToCheckoutTest()[pri:10, instance:practicesoftware.PracticeSoftwareTests@233795b6]" started-at="2026-01-13T23:02:12 EET" name="proceedToCheckoutTest" finished-at="2026-01-13T23:02:19 EET" duration-ms="7094" status="PASS">
          <reporter-output>
          </reporter-output>
        </test-method> <!-- proceedToCheckoutTest -->
        <test-method is-config="true" signature="takeScreenshotWhenFail(org.testng.ITestResult)[pri:0, instance:practicesoftware.PracticeSoftwareTests@233795b6]" started-at="2026-01-13T23:02:19 EET" name="takeScreenshotWhenFail" finished-at="2026-01-13T23:02:19 EET" duration-ms="1" status="PASS">
          <params>
            <param index="0">
              <value>
                <![CDATA[[TestResult name=proceedToCheckoutTest status=SUCCESS method=PracticeSoftwareTests.proceedToCheckoutTest()[pri:10, instance:practicesoftware.PracticeSoftwareTests@233795b6] output={null}]]]>
              </value>
            </param>
          </params>
          <reporter-output>
          </reporter-output>
        </test-method> <!-- takeScreenshotWhenFail -->
        <test-method signature="completePurchaseSubmissionTest()[pri:11, instance:practicesoftware.PracticeSoftwareTests@233795b6]" started-at="2026-01-13T23:02:19 EET" name="completePurchaseSubmissionTest" finished-at="2026-01-13T23:02:20 EET" duration-ms="1745" status="PASS">
          <reporter-output>
          </reporter-output>
        </test-method> <!-- completePurchaseSubmissionTest -->
        <test-method is-config="true" signature="takeScreenshotWhenFail(org.testng.ITestResult)[pri:0, instance:practicesoftware.PracticeSoftwareTests@233795b6]" started-at="2026-01-13T23:02:20 EET" name="takeScreenshotWhenFail" finished-at="2026-01-13T23:02:20 EET" duration-ms="0" status="PASS">
          <params>
            <param index="0">
              <value>
                <![CDATA[[TestResult name=completePurchaseSubmissionTest status=SUCCESS method=PracticeSoftwareTests.completePurchaseSubmissionTest()[pri:11, instance:practicesoftware.PracticeSoftwareTests@233795b6] output={null}]]]>
              </value>
            </param>
          </params>
          <reporter-output>
          </reporter-output>
        </test-method> <!-- takeScreenshotWhenFail -->
        <test-method signature="viewingAccountInformationTest()[pri:12, instance:practicesoftware.PracticeSoftwareTests@233795b6]" started-at="2026-01-13T23:02:20 EET" name="viewingAccountInformationTest" finished-at="2026-01-13T23:02:23 EET" duration-ms="2773" status="PASS">
          <reporter-output>
          </reporter-output>
        </test-method> <!-- viewingAccountInformationTest -->
        <test-method is-config="true" signature="takeScreenshotWhenFail(org.testng.ITestResult)[pri:0, instance:practicesoftware.PracticeSoftwareTests@233795b6]" started-at="2026-01-13T23:02:23 EET" name="takeScreenshotWhenFail" finished-at="2026-01-13T23:02:23 EET" duration-ms="1" status="PASS">
          <params>
            <param index="0">
              <value>
                <![CDATA[[TestResult name=viewingAccountInformationTest status=SUCCESS method=PracticeSoftwareTests.viewingAccountInformationTest()[pri:12, instance:practicesoftware.PracticeSoftwareTests@233795b6] output={null}]]]>
              </value>
            </param>
          </params>
          <reporter-output>
          </reporter-output>
        </test-method> <!-- takeScreenshotWhenFail -->
        <test-method signature="loggingOutTest()[pri:13, instance:practicesoftware.PracticeSoftwareTests@233795b6]" started-at="2026-01-13T23:02:23 EET" name="loggingOutTest" finished-at="2026-01-13T23:02:25 EET" duration-ms="1419" status="PASS">
          <reporter-output>
          </reporter-output>
        </test-method> <!-- loggingOutTest -->
        <test-method is-config="true" signature="TearDown()[pri:0, instance:practicesoftware.PracticeSoftwareTests@233795b6]" started-at="2026-01-13T23:02:25 EET" name="TearDown" finished-at="2026-01-13T23:02:25 EET" duration-ms="132" status="PASS">
          <reporter-output>
          </reporter-output>
        </test-method> <!-- TearDown -->
        <test-method is-config="true" signature="takeScreenshotWhenFail(org.testng.ITestResult)[pri:0, instance:practicesoftware.PracticeSoftwareTests@233795b6]" started-at="2026-01-13T23:02:25 EET" name="takeScreenshotWhenFail" finished-at="2026-01-13T23:02:25 EET" duration-ms="0" status="PASS">
          <params>
            <param index="0">
              <value>
                <![CDATA[[TestResult name=loggingOutTest status=SUCCESS method=PracticeSoftwareTests.loggingOutTest()[pri:13, instance:practicesoftware.PracticeSoftwareTests@233795b6] output={null}]]]>
              </value>
            </param>
          </params>
          <reporter-output>
          </reporter-output>
        </test-method> <!-- takeScreenshotWhenFail -->
      </class> <!-- practicesoftware.PracticeSoftwareTests -->
    </test> <!-- Default test -->
  </suite> <!-- Default suite -->
</testng-results>
