<?xml version="1.0" encoding="UTF-8"?>
<!-- Generated by org.testng.reporters.JUnitReportReporter -->
<testsuite hostname="Mahdi" failures="0" tests="4" name="Test.LoginTest" time="0.926" errors="0" timestamp="2025-12-22T19:46:29 EET" skipped="0">
  <testcase classname="Test.LoginTest" name="testSuccessfulLogin" time="0.308"/>
  <testcase classname="Test.LoginTest" name="testLoginWithWrongPassword" time="0.229"/>
  <testcase classname="Test.LoginTest" name="testLoginWithEmptyUsername" time="0.193"/>
  <testcase classname="Test.LoginTest" name="testLoginWithEmptyPassword" time="0.196"/>
</testsuite> <!-- Test.LoginTest -->
