<?xml version="1.0" encoding="UTF-8"?>
<!-- Generated by org.testng.reporters.JUnitReportReporter -->
<testsuite hostname="Mahdi" failures="0" tests="13" name="practicesoftware.PracticeSoftwareTests" time="54.867" errors="0" timestamp="2026-01-13T06:24:21 EET" skipped="0">
  <testcase classname="practicesoftware.PracticeSoftwareTests" name="homepageAccessibilityTest" time="0.023"/>
  <testcase classname="practicesoftware.PracticeSoftwareTests" name="userRegistrationTest" time="5.105"/>
  <testcase classname="practicesoftware.PracticeSoftwareTests" name="userLoginTest" time="3.256"/>
  <testcase classname="practicesoftware.PracticeSoftwareTests" name="productSearchTest" time="5.579"/>
  <testcase classname="practicesoftware.PracticeSoftwareTests" name="filteringSearchResultsTest" time="5.285"/>
  <testcase classname="practicesoftware.PracticeSoftwareTests" name="viewingProductDetailsTest" time="5.274"/>
  <testcase classname="practicesoftware.PracticeSoftwareTests" name="addingProductToCartTest" time="2.091"/>
  <testcase classname="practicesoftware.PracticeSoftwareTests" name="viewingCheckout" time="5.176"/>
  <testcase classname="practicesoftware.PracticeSoftwareTests" name="removingItemFromCartTest" time="2.083"/>
  <testcase classname="practicesoftware.PracticeSoftwareTests" name="proceedToCheckoutTest" time="9.130"/>
  <testcase classname="practicesoftware.PracticeSoftwareTests" name="completePurchaseSubmissionTest" time="3.188"/>
  <testcase classname="practicesoftware.PracticeSoftwareTests" name="viewingAccountInformationTest" time="6.264"/>
  <testcase classname="practicesoftware.PracticeSoftwareTests" name="loggingOutTest" time="2.413"/>
</testsuite> <!-- practicesoftware.PracticeSoftwareTests -->
