<?xml version="1.0" encoding="UTF-8"?>
<!-- Generated by org.testng.reporters.JUnitReportReporter -->
<testsuite hostname="Mahdi" failures="0" tests="13" name="practicesoftware.PracticeSoftwareTests" time="32.765" errors="0" timestamp="2026-01-13T23:02:25 EET" skipped="0">
  <testcase classname="practicesoftware.PracticeSoftwareTests" name="homepageAccessibilityTest" time="0.021"/>
  <testcase classname="practicesoftware.PracticeSoftwareTests" name="userRegistrationTest" time="4.981"/>
  <testcase classname="practicesoftware.PracticeSoftwareTests" name="userLoginTest" time="2.231"/>
  <testcase classname="practicesoftware.PracticeSoftwareTests" name="productSearchTest" time="2.080"/>
  <testcase classname="practicesoftware.PracticeSoftwareTests" name="filteringSearchResultsTest" time="1.813"/>
  <testcase classname="practicesoftware.PracticeSoftwareTests" name="viewingProductDetailsTest" time="1.806"/>
  <testcase classname="practicesoftware.PracticeSoftwareTests" name="addingProductToCartTest" time="2.069"/>
  <testcase classname="practicesoftware.PracticeSoftwareTests" name="viewingCheckout" time="2.657"/>
  <testcase classname="practicesoftware.PracticeSoftwareTests" name="removingItemFromCartTest" time="2.074"/>
  <testcase classname="practicesoftware.PracticeSoftwareTests" name="proceedToCheckoutTest" time="7.095"/>
  <testcase classname="practicesoftware.PracticeSoftwareTests" name="completePurchaseSubmissionTest" time="1.745"/>
  <testcase classname="practicesoftware.PracticeSoftwareTests" name="viewingAccountInformationTest" time="2.773"/>
  <testcase classname="practicesoftware.PracticeSoftwareTests" name="loggingOutTest" time="1.420"/>
</testsuite> <!-- practicesoftware.PracticeSoftwareTests -->
