<?xml version="1.0" encoding="UTF-8"?>
<!-- Generated by org.testng.reporters.JUnitReportReporter -->
<testsuite hostname="Mahdi" failures="0" tests="14" name="automationexercise.AutomationExerciseTests" time="45.904" errors="0" timestamp="2026-01-13T22:24:27 EET" skipped="0">
  <testcase classname="automationexercise.AutomationExerciseTests" name="homepageAccessibilityTest" time="0.033"/>
  <testcase classname="automationexercise.AutomationExerciseTests" name="userRegistrationTest" time="9.783"/>
  <testcase classname="automationexercise.AutomationExerciseTests" name="productSearchTest" time="5.032"/>
  <testcase classname="automationexercise.AutomationExerciseTests" name="viewingProductDetailsTest" time="0.831"/>
  <testcase classname="automationexercise.AutomationExerciseTests" name="addingProductToCartTest" time="1.672"/>
  <testcase classname="automationexercise.AutomationExerciseTests" name="viewingCartTest" time="2.483"/>
  <testcase classname="automationexercise.AutomationExerciseTests" name="verifyCartQuantityTest" time="0.020"/>
  <testcase classname="automationexercise.AutomationExerciseTests" name="proceedToCheckoutTest" time="3.466"/>
  <testcase classname="automationexercise.AutomationExerciseTests" name="contactFormSubmissionTest" time="5.973"/>
  <testcase classname="automationexercise.AutomationExerciseTests" name="subscriptionTest" time="4.489"/>
  <testcase classname="automationexercise.AutomationExerciseTests" name="viewingCategoryProductsTest" time="3.560"/>
  <testcase classname="automationexercise.AutomationExerciseTests" name="viewingBrandProductsTest" time="4.205"/>
  <testcase classname="automationexercise.AutomationExerciseTests" name="scrollUpTest" time="2.291"/>
  <testcase classname="automationexercise.AutomationExerciseTests" name="logoutTest" time="2.066"/>
</testsuite> <!-- automationexercise.AutomationExerciseTests -->
